2014-12-21 07:58:08 -0500 | INFO: Player position x: 16, Player position y: 12
2014-12-21 07:58:08 -0500 | INFO: Current Game State: 
########################################
#......................................#
#......................................#
#......................................#
#......................................#
#......................................#
#......................................#
#......................................#
#......................................#
#......................................#
#......................................#
#......................................#
#...............@......................#
#......................................#
#......................................#
#......................................#
#......................................#
#......................................#
#......................................#
########################################

2014-12-21 07:58:08 -0500 | INFO: Thread #[1/50] Logging began at 2014-12-21 07:58:08 -0500
2014-12-21 07:58:08 -0500 | INFO: Thread #[3/50] Logging began at 2014-12-21 07:58:08 -0500
2014-12-21 07:58:08 -0500 | INFO: Thread #[3/50] Logging began at 2014-12-21 07:58:08 -0500
2014-12-21 07:58:08 -0500 | INFO: Thread #[4/50] Logging began at 2014-12-21 07:58:08 -0500
2014-12-21 07:58:08 -0500 | INFO: Thread #[48/50] Logging began at 2014-12-21 07:58:08 -0500
2014-12-21 07:58:08 -0500 | INFO: Thread #[48/50] Logging began at 2014-12-21 07:58:08 -0500
2014-12-21 07:58:08 -0500 | INFO: Thread #[48/50] Logging began at 2014-12-21 07:58:08 -0500
2014-12-21 07:58:08 -0500 | INFO: Thread #[48/50] Logging began at 2014-12-21 07:58:08 -0500
2014-12-21 07:58:08 -0500 | INFO: Thread #[48/50] Logging began at 2014-12-21 07:58:08 -0500
2014-12-21 07:58:08 -0500 | INFO: Thread #[48/50] Logging began at 2014-12-21 07:58:08 -0500
2014-12-21 07:58:08 -0500 | INFO: Thread #[48/50] Logging began at 2014-12-21 07:58:08 -0500
2014-12-21 07:58:08 -0500 | INFO: Thread #[48/50] Logging began at 2014-12-21 07:58:08 -0500
2014-12-21 07:58:08 -0500 | INFO: Thread #[48/50] Logging began at 2014-12-21 07:58:08 -0500
2014-12-21 07:58:08 -0500 | INFO: Thread #[48/50] Logging began at 2014-12-21 07:58:08 -0500
2014-12-21 07:58:08 -0500 | INFO: Thread #[48/50] Logging began at 2014-12-21 07:58:08 -0500
2014-12-21 07:58:08 -0500 | INFO: Thread #[48/50] Logging began at 2014-12-21 07:58:08 -0500
2014-12-21 07:58:08 -0500 | INFO: Thread #[48/50] Logging began at 2014-12-21 07:58:08 -0500
2014-12-21 07:58:08 -0500 | INFO: Thread #[48/50] Logging began at 2014-12-21 07:58:08 -0500
2014-12-21 07:58:08 -0500 | INFO: Thread #[48/50] Logging began at 2014-12-21 07:58:08 -0500
2014-12-21 07:58:08 -0500 | INFO: Thread #[48/50] Logging began at 2014-12-21 07:58:08 -0500
2014-12-21 07:58:08 -0500 | INFO: Thread #[48/50] Logging began at 2014-12-21 07:58:08 -0500
2014-12-21 07:58:08 -0500 | INFO: Thread #[48/50] Logging began at 2014-12-21 07:58:08 -0500
2014-12-21 07:58:08 -0500 | INFO: Thread #[48/50] Logging began at 2014-12-21 07:58:08 -0500
2014-12-21 07:58:08 -0500 | INFO: Thread #[48/50] Logging began at 2014-12-21 07:58:08 -0500
2014-12-21 07:58:08 -0500 | INFO: Thread #[48/50] Logging began at 2014-12-21 07:58:08 -0500
2014-12-21 07:58:08 -0500 | INFO: Thread #[48/50] Logging began at 2014-12-21 07:58:08 -0500
2014-12-21 07:58:08 -0500 | INFO: Thread #[48/50] Logging began at 2014-12-21 07:58:08 -0500
2014-12-21 07:58:08 -0500 | INFO: Thread #[48/50] Logging began at 2014-12-21 07:58:08 -0500
2014-12-21 07:58:08 -0500 | INFO: Thread #[48/50] Logging began at 2014-12-21 07:58:08 -0500
2014-12-21 07:58:08 -0500 | INFO: Thread #[48/50] Logging began at 2014-12-21 07:58:08 -0500
2014-12-21 07:58:08 -0500 | INFO: Thread #[48/50] Logging began at 2014-12-21 07:58:08 -0500
2014-12-21 07:58:08 -0500 | INFO: Thread #[48/50] Logging began at 2014-12-21 07:58:08 -0500
2014-12-21 07:58:08 -0500 | INFO: Thread #[48/50] Logging began at 2014-12-21 07:58:08 -0500
2014-12-21 07:58:08 -0500 | INFO: Thread #[48/50] Logging began at 2014-12-21 07:58:08 -0500
2014-12-21 07:58:08 -0500 | INFO: Thread #[48/50] Logging began at 2014-12-21 07:58:08 -0500
2014-12-21 07:58:08 -0500 | INFO: Thread #[48/50] Logging began at 2014-12-21 07:58:08 -0500
2014-12-21 07:58:08 -0500 | INFO: Thread #[48/50] Logging began at 2014-12-21 07:58:08 -0500
2014-12-21 07:58:08 -0500 | INFO: Thread #[48/50] Logging began at 2014-12-21 07:58:08 -0500
2014-12-21 07:58:08 -0500 | INFO: Thread #[48/50] Logging began at 2014-12-21 07:58:08 -0500
2014-12-21 07:58:08 -0500 | INFO: Thread #[48/50] Logging began at 2014-12-21 07:58:08 -0500
2014-12-21 07:58:08 -0500 | INFO: Thread #[48/50] Logging began at 2014-12-21 07:58:08 -0500
2014-12-21 07:58:08 -0500 | INFO: Thread #[48/50] Logging began at 2014-12-21 07:58:08 -0500
2014-12-21 07:58:08 -0500 | INFO: Thread #[48/50] Logging began at 2014-12-21 07:58:08 -0500
2014-12-21 07:58:08 -0500 | INFO: Thread #[48/50] Logging began at 2014-12-21 07:58:08 -0500
2014-12-21 07:58:08 -0500 | INFO: Thread #[48/50] Logging began at 2014-12-21 07:58:08 -0500
2014-12-21 07:58:08 -0500 | INFO: Thread #[48/50] Logging began at 2014-12-21 07:58:08 -0500
2014-12-21 07:58:08 -0500 | INFO: Thread #[49/50] Logging began at 2014-12-21 07:58:08 -0500
2014-12-21 07:58:08 -0500 | INFO: Thread #[50/50] Logging began at 2014-12-21 07:58:08 -0500
2014-12-21 07:58:08 -0500 | INFO: Thread #[50/50] Logging began at 2014-12-21 07:58:08 -0500
2014-12-21 07:58:08 -0500 | INFO: Thread #[50/50] Logging began at 2014-12-21 07:58:08 -0500
